build/app/intermediates/manifest_merge_blame_file/debug/manifest-merger-blame-debug-report.txt
1<?xml version="1.0" encoding="utf-8"?>
2<manifest xmlns:android="http://schemas.android.com/apk/res/android"
3    package="com.zcr.z_core"
4    android:versionCode="1"
5    android:versionName="1.0.0" >
6
7    <uses-sdk
8        android:minSdkVersion="21"
9        android:targetSdkVersion="33" />
10    <!--
11         Flutter needs it to communicate with the running application
12         to allow setting breakpoints, to provide hot reload, etc.
13    -->
14    <uses-permission android:name="android.permission.INTERNET" />
14-->src\debug\AndroidManifest.xml:6:5-66
14-->src\debug\AndroidManifest.xml:6:22-64
15    <uses-permission android:name="android.permission.WRITE_EXTERNAL_STORAGE" />
15-->src\main\AndroidManifest.xml:3:5-80
15-->src\main\AndroidManifest.xml:3:22-78
16    <uses-permission android:name="android.permission.READ_EXTERNAL_STORAGE" />
16-->[:async_wallpaper] AndroidManifest.xml:9:5-80
16-->[:async_wallpaper] AndroidManifest.xml:9:22-77
17    <uses-permission android:name="android.permission.SET_WALLPAPER" />
17-->[:async_wallpaper] AndroidManifest.xml:10:5-72
17-->[:async_wallpaper] AndroidManifest.xml:10:22-69
18
19    <uses-feature
19-->[:async_wallpaper] AndroidManifest.xml:12:5-14:35
20        android:name="android.software.live_wallpaper"
20-->[:async_wallpaper] AndroidManifest.xml:13:9-55
21        android:required="true" />
21-->[:async_wallpaper] AndroidManifest.xml:14:9-32
22
23    <uses-permission android:name="android.permission.ACCESS_NETWORK_STATE" />
23-->[:connectivity_plus] AndroidManifest.xml:7:5-79
23-->[:connectivity_plus] AndroidManifest.xml:7:22-76
24
25    <application
26        android:name="android.app.Application"
27        android:allowBackup="true"
27-->[:async_wallpaper] AndroidManifest.xml:16:18-44
28        android:appComponentFactory="androidx.core.app.CoreComponentFactory"
28-->[androidx.core:core:1.6.0] AndroidManifest.xml:24:18-86
29        android:debuggable="true"
30        android:icon="@mipmap/ic_launcher"
31        android:label="z_core" >
32        <activity
33            android:name="com.zcr.z_core.MainActivity"
34            android:configChanges="orientation|keyboardHidden|keyboard|screenSize|smallestScreenSize|locale|layoutDirection|fontScale|screenLayout|density|uiMode"
35            android:exported="true"
36            android:hardwareAccelerated="true"
37            android:launchMode="singleTop"
38            android:theme="@style/LaunchTheme"
39            android:windowSoftInputMode="adjustResize" >
40
41            <!--
42                 Specifies an Android theme to apply to this Activity as soon as
43                 the Android process has started. This theme is visible to the user
44                 while the Flutter UI initializes. After that, this theme continues
45                 to determine the Window background behind the Flutter UI.
46            -->
47            <meta-data
48                android:name="io.flutter.embedding.android.NormalTheme"
49                android:resource="@style/NormalTheme" />
50
51            <intent-filter>
52                <action android:name="android.intent.action.MAIN" />
53
54                <category android:name="android.intent.category.LAUNCHER" />
55            </intent-filter>
56        </activity>
57        <!--
58             Don't delete the meta-data below.
59             This is used by the Flutter tool to generate GeneratedPluginRegistrant.java
60        -->
61        <meta-data
62            android:name="flutterEmbedding"
63            android:value="2" />
64        <meta-data
65            android:name="com.google.android.gms.ads.APPLICATION_ID"
66            android:value="ca-app-pub-1500746861959987~8673998372" />
67
68        <service
68-->[:async_wallpaper] AndroidManifest.xml:17:9-30:19
69            android:name="com.codenameakshay.async_wallpaper.VideoLiveWallpaper"
69-->[:async_wallpaper] AndroidManifest.xml:18:13-81
70            android:exported="true"
70-->[:async_wallpaper] AndroidManifest.xml:19:13-36
71            android:label="@string/app_name"
71-->[:async_wallpaper] AndroidManifest.xml:20:13-45
72            android:permission="android.permission.BIND_WALLPAPER"
72-->[:async_wallpaper] AndroidManifest.xml:21:13-67
73            android:process=":wallpaper" >
73-->[:async_wallpaper] AndroidManifest.xml:22:13-41
74            <intent-filter>
74-->[:async_wallpaper] AndroidManifest.xml:23:13-25:29
75                <action android:name="android.service.wallpaper.WallpaperService" />
75-->[:async_wallpaper] AndroidManifest.xml:24:17-85
75-->[:async_wallpaper] AndroidManifest.xml:24:25-82
76            </intent-filter>
77
78            <meta-data
78-->[:async_wallpaper] AndroidManifest.xml:27:13-29:57
79                android:name="android.service.wallpaper"
79-->[:async_wallpaper] AndroidManifest.xml:28:17-57
80                android:resource="@xml/livewallpaper" />
80-->[:async_wallpaper] AndroidManifest.xml:29:17-54
81        </service>
82
83        <uses-library
83-->[androidx.window:window:1.0.0-beta04] AndroidManifest.xml:25:9-27:40
84            android:name="androidx.window.extensions"
84-->[androidx.window:window:1.0.0-beta04] AndroidManifest.xml:26:13-54
85            android:required="false" />
85-->[androidx.window:window:1.0.0-beta04] AndroidManifest.xml:27:13-37
86        <uses-library
86-->[androidx.window:window:1.0.0-beta04] AndroidManifest.xml:28:9-30:40
87            android:name="androidx.window.sidecar"
87-->[androidx.window:window:1.0.0-beta04] AndroidManifest.xml:29:13-51
88            android:required="false" />
88-->[androidx.window:window:1.0.0-beta04] AndroidManifest.xml:30:13-37
89
90        <provider
90-->[com.squareup.picasso:picasso:2.71828] AndroidManifest.xml:8:9-11:40
91            android:name="com.squareup.picasso.PicassoProvider"
91-->[com.squareup.picasso:picasso:2.71828] AndroidManifest.xml:9:13-64
92            android:authorities="com.zcr.z_core.com.squareup.picasso"
92-->[com.squareup.picasso:picasso:2.71828] AndroidManifest.xml:10:13-72
93            android:exported="false" />
93-->[com.squareup.picasso:picasso:2.71828] AndroidManifest.xml:11:13-37
94    </application>
95
96</manifest>